<?xml version="1.0" encoding="UTF-8"?>
<!-- Generated by org.testng.reporters.JUnitReportReporter -->
<testsuite hostname="MEGHALI-PC" failures="0" tests="1" name="testGmail.Gmail" time="0.018" errors="0" timestamp="15 Feb 2020 15:05:23 GMT">
  <testcase classname="testGmail.Gmail" name="Testcase" time="0.018"/>
</testsuite> <!-- testGmail.Gmail -->
