<?xml version="1.0" encoding="UTF-8"?>
<!-- Generated by org.testng.reporters.JUnitReportReporter -->
<testsuite hostname="MEGHALI-PC" failures="0" tests="1" name="login.LoginPage" time="0.027" errors="0" timestamp="15 Feb 2020 17:21:37 GMT">
  <testcase classname="login.LoginPage" name="Testcase" time="0.027"/>
</testsuite> <!-- login.LoginPage -->
